#
# A fatal error has been detected by the Java Runtime Environment:
#
#  Internal Error (javaCalls.cpp:51), pid=3752, tid=0x0000000000000f24
#  guarantee(thread->is_Java_thread()) failed: crucial check - the VM thread cannot and must not escape to Java code
#
# JRE version: Java(TM) SE Runtime Environment (8.0_121-b13) (build 1.8.0_121-b13)
# Java VM: Java HotSpot(TM) 64-Bit Server VM (25.121-b13 mixed mode windows-amd64 compressed oops)
# Failed to write core dump. Minidumps are not enabled by default on client versions of Windows
#
# If you would like to submit a bug report, please visit:
#   http://bugreport.java.com/bugreport/crash.jsp
#

---------------  T H R E A D  ---------------

Current thread (0x000000001602a000):  VMThread [stack: 0x0000000017d00000,0x0000000017e00000] [id=3876]

Stack: [0x0000000017d00000,0x0000000017e00000]
[error occurred during error reporting (printing stack bounds), id 0xc0000005]

Native frames: (J=compiled Java code, j=interpreted, Vv=VM code, C=native code)

VM_Operation (0x0000000018b4f5b0): GetOrSetLocal, mode: safepoint, requested by thread 0x0000000017f30800


---------------  P R O C E S S  ---------------

Java Threads: ( => current thread )
  0x0000000019994000 JavaThread "Thread-3" daemon [_thread_in_native, id=9232, stack(0x000000001ce60000,0x000000001cf60000)]
  0x0000000019994800 JavaThread "derby.rawStoreDaemon" daemon [_thread_blocked, id=6792, stack(0x000000001c960000,0x000000001ca60000)]
  0x0000000019991800 JavaThread "Timer-0" daemon [_thread_blocked, id=11756, stack(0x000000001c860000,0x000000001c960000)]
  0x0000000019578000 JavaThread "derby.antiGC" daemon [_thread_blocked, id=12916, stack(0x000000001c560000,0x000000001c660000)]
  0x0000000019aad000 JavaThread "TimerQueue" daemon [_thread_blocked, id=12600, stack(0x000000001b490000,0x000000001b590000)]
  0x00000000021ce000 JavaThread "DestroyJavaVM" [_thread_blocked, id=7776, stack(0x00000000021d0000,0x00000000022d0000)]
  0x00000000196ce000 JavaThread "AWT-EventQueue-0" [_thread_blocked, id=5980, stack(0x000000001a9d0000,0x000000001aad0000)]
  0x00000000195ee000 JavaThread "AWT-Windows" daemon [_thread_in_native, id=5916, stack(0x0000000019f10000,0x000000001a010000)]
  0x0000000019604800 JavaThread "AWT-Shutdown" [_thread_blocked, id=7736, stack(0x0000000019e10000,0x0000000019f10000)]
  0x0000000019603800 JavaThread "Java2D Disposer" daemon [_thread_blocked, id=12564, stack(0x0000000019ca0000,0x0000000019da0000)]
  0x0000000017fea800 JavaThread "Service Thread" daemon [_thread_blocked, id=11512, stack(0x0000000019150000,0x0000000019250000)]
  0x0000000017f59800 JavaThread "C1 CompilerThread3" daemon [_thread_blocked, id=12952, stack(0x0000000019050000,0x0000000019150000)]
  0x0000000017f58800 JavaThread "C2 CompilerThread2" daemon [_thread_blocked, id=6308, stack(0x0000000018f50000,0x0000000019050000)]
  0x0000000017f58000 JavaThread "C2 CompilerThread1" daemon [_thread_blocked, id=8044, stack(0x0000000018e50000,0x0000000018f50000)]
  0x0000000017f55000 JavaThread "C2 CompilerThread0" daemon [_thread_blocked, id=12248, stack(0x0000000018d50000,0x0000000018e50000)]
  0x0000000017f44000 JavaThread "JDWP Command Reader" daemon [_thread_in_native, id=7248, stack(0x0000000018c50000,0x0000000018d50000)]
  0x0000000017f3e000 JavaThread "JDWP Event Helper Thread" daemon [_thread_blocked, id=12356, stack(0x0000000018b50000,0x0000000018c50000)]
  0x0000000017f30800 JavaThread "JDWP Transport Listener: dt_socket" daemon [_thread_blocked, id=12684, stack(0x0000000018a50000,0x0000000018b50000)]
  0x0000000017f28800 JavaThread "Attach Listener" daemon [_thread_blocked, id=8164, stack(0x0000000018610000,0x0000000018710000)]
  0x0000000017f27000 JavaThread "Signal Dispatcher" daemon [_thread_blocked, id=11684, stack(0x0000000018510000,0x0000000018610000)]
  0x00000000023ce800 JavaThread "Finalizer" daemon [_thread_blocked, id=2036, stack(0x0000000018300000,0x0000000018400000)]
  0x00000000023c7800 JavaThread "Reference Handler" daemon [_thread_blocked, id=11852, stack(0x0000000017e00000,0x0000000017f00000)]

Other Threads:
=>0x000000001602a000 VMThread [stack: 0x0000000017d00000,0x0000000017e00000] [id=3876]
  0x0000000018024800 WatcherThread [stack: 0x00000000193a0000,0x00000000194a0000] [id=6636]

VM state:at safepoint (normal execution)

VM Mutex/Monitor currently owned by a thread:  ([mutex/lock_event])
[0x00000000021cd240] Threads_lock - owner thread: 0x000000001602a000

Heap:
 PSYoungGen      total 28160K, used 24414K [0x00000000e0d00000, 0x00000000e2c00000, 0x0000000100000000)
  eden space 24576K, 84% used [0x00000000e0d00000,0x00000000e2159ca8,0x00000000e2500000)
  from space 3584K, 99% used [0x00000000e2500000,0x00000000e287dc90,0x00000000e2880000)
  to   space 3584K, 0% used [0x00000000e2880000,0x00000000e2880000,0x00000000e2c00000)
 ParOldGen       total 64512K, used 1087K [0x00000000a2600000, 0x00000000a6500000, 0x00000000e0d00000)
  object space 64512K, 1% used [0x00000000a2600000,0x00000000a270fd68,0x00000000a6500000)
 Metaspace       used 18267K, capacity 18486K, committed 18816K, reserved 1064960K
  class space    used 2276K, capacity 2351K, committed 2432K, reserved 1048576K

Card table byte_map: [0x0000000011790000,0x0000000011a80000] byte_map_base: 0x000000001127d000

Marking Bits: (ParMarkBitMap*) 0x0000000077f7b6d0
 Begin Bits: [0x0000000012480000, 0x0000000013be8000)
 End Bits:   [0x0000000013be8000, 0x0000000015350000)

Polling page: 0x0000000000ae0000

CodeCache: size=245760Kb used=4763Kb max_used=4790Kb free=240996Kb
 bounds [0x00000000023d0000, 0x0000000002890000, 0x00000000113d0000]
 total_blobs=1971 nmethods=1344 adapters=547
 compilation: enabled

Compilation events (10 events):
Event: 29.195 Thread 0x0000000017f59800 nmethod 1350 0x0000000002873990 code [0x0000000002873b00, 0x0000000002873d10]
Event: 29.203 Thread 0x0000000017f59800 1351   !   3       java.util.Collections$SynchronizedCollection::add (25 bytes)
Event: 29.203 Thread 0x0000000017f59800 nmethod 1351 0x0000000002876550 code [0x00000000028766c0, 0x0000000002876aa8]
Event: 29.236 Thread 0x0000000017f58000 nmethod 1348 0x000000000287b5d0 code [0x000000000287b940, 0x000000000287d690]
Event: 29.292 Thread 0x0000000017f59800 1352  s    3       java.io.BufferedInputStream::read (49 bytes)
Event: 29.293 Thread 0x0000000017f59800 nmethod 1352 0x000000000287ac90 code [0x000000000287ae40, 0x000000000287b3b8]
Event: 69.173 Thread 0x0000000017f59800 1353       3       java.awt.event.InputEvent::<init> (26 bytes)
Event: 69.174 Thread 0x0000000017f59800 nmethod 1353 0x000000000287a790 code [0x000000000287a900, 0x000000000287ab58]
Event: 69.174 Thread 0x0000000017f59800 1354   !   3       java.awt.event.InputEvent::canAccessSystemClipboard (57 bytes)
Event: 69.175 Thread 0x0000000017f59800 nmethod 1354 0x00000000024e1b50 code [0x00000000024e1d60, 0x00000000024e27b8]

GC Heap History (2 events):
Event: 15.024 GC heap before
{Heap before GC invocations=1 (full 0):
 PSYoungGen      total 28160K, used 24576K [0x00000000e0d00000, 0x00000000e2c00000, 0x0000000100000000)
  eden space 24576K, 100% used [0x00000000e0d00000,0x00000000e2500000,0x00000000e2500000)
  from space 3584K, 0% used [0x00000000e2880000,0x00000000e2880000,0x00000000e2c00000)
  to   space 3584K, 0% used [0x00000000e2500000,0x00000000e2500000,0x00000000e2880000)
 ParOldGen       total 64512K, used 0K [0x00000000a2600000, 0x00000000a6500000, 0x00000000e0d00000)
  object space 64512K, 0% used [0x00000000a2600000,0x00000000a2600000,0x00000000a6500000)
 Metaspace       used 12011K, capacity 12218K, committed 12416K, reserved 1060864K
  class space    used 1478K, capacity 1573K, committed 1664K, reserved 1048576K
Event: 15.028 GC heap after
Heap after GC invocations=1 (full 0):
 PSYoungGen      total 28160K, used 3575K [0x00000000e0d00000, 0x00000000e2c00000, 0x0000000100000000)
  eden space 24576K, 0% used [0x00000000e0d00000,0x00000000e0d00000,0x00000000e2500000)
  from space 3584K, 99% used [0x00000000e2500000,0x00000000e287dc90,0x00000000e2880000)
  to   space 3584K, 0% used [0x00000000e2880000,0x00000000e2880000,0x00000000e2c00000)
 ParOldGen       total 64512K, used 1087K [0x00000000a2600000, 0x00000000a6500000, 0x00000000e0d00000)
  object space 64512K, 1% used [0x00000000a2600000,0x00000000a270fd68,0x00000000a6500000)
 Metaspace       used 12011K, capacity 12218K, committed 12416K, reserved 1060864K
  class space    used 1478K, capacity 1573K, committed 1664K, reserved 1048576K
}

Deoptimization events (10 events):
Event: 15.021 Thread 0x00000000196ce000 Uncommon trap: reason=unstable_if action=reinterpret pc=0x00000000025cdbfc method=java.lang.String.<init>([CII)V @ 18
Event: 15.029 Thread 0x00000000196ce000 Uncommon trap: reason=unstable_if action=reinterpret pc=0x00000000026d2cc0 method=java.lang.ref.SoftReference.get()Ljava/lang/Object; @ 17
Event: 15.242 Thread 0x00000000196ce000 Uncommon trap: reason=unstable_if action=reinterpret pc=0x00000000027335f4 method=sun.misc.MetaIndex.mayContain(Ljava/lang/String;)Z @ 38
Event: 15.243 Thread 0x00000000196ce000 Uncommon trap: reason=unstable_if action=reinterpret pc=0x0000000002725560 method=sun.misc.MetaIndex.mayContain(Ljava/lang/String;)Z @ 38
Event: 15.254 Thread 0x00000000196ce000 Uncommon trap: reason=unstable_if action=reinterpret pc=0x000000000273261c method=java.util.HashMap.getNode(ILjava/lang/Object;)Ljava/util/HashMap$Node; @ 62
Event: 15.254 Thread 0x00000000196ce000 Uncommon trap: reason=unstable_if action=reinterpret pc=0x000000000261b870 method=java.util.HashMap.getNode(ILjava/lang/Object;)Ljava/util/HashMap$Node; @ 62
Event: 15.394 Thread 0x00000000196ce000 Uncommon trap: reason=unstable_if action=reinterpret pc=0x0000000002669a38 method=java.util.HashMap.putVal(ILjava/lang/Object;Ljava/lang/Object;ZZ)Ljava/lang/Object; @ 94
Event: 15.396 Thread 0x00000000196ce000 Uncommon trap: reason=bimorphic action=maybe_recompile pc=0x000000000266bd24 method=java.util.HashMap.putVal(ILjava/lang/Object;Ljava/lang/Object;ZZ)Ljava/lang/Object; @ 91
Event: 29.198 Thread 0x00000000196ce000 Uncommon trap: reason=predicate action=maybe_recompile pc=0x000000000278e610 method=sun.net.www.ParseUtil.encodePath(Ljava/lang/String;Z)Ljava/lang/String; @ 36
Event: 29.203 Thread 0x00000000196ce000 Uncommon trap: reason=unstable_if action=reinterpret pc=0x00000000026a6ca0 method=java.nio.charset.CharsetDecoder.decode(Ljava/nio/ByteBuffer;Ljava/nio/CharBuffer;Z)Ljava/nio/charset/CoderResult; @ 1

Internal exceptions (10 events):
Event: 3.067 Thread 0x00000000021ce000 Exception <a 'java/security/PrivilegedActionException'> (0x00000000e0ed9880) thrown at [C:\re\workspace\8-2-build-windows-amd64-cygwin\jdk8u121\8372\hotspot\src\share\vm\prims\jvm.cpp, line 1390]
Event: 3.067 Thread 0x00000000021ce000 Exception <a 'java/security/PrivilegedActionException'> (0x00000000e0edb260) thrown at [C:\re\workspace\8-2-build-windows-amd64-cygwin\jdk8u121\8372\hotspot\src\share\vm\prims\jvm.cpp, line 1390]
Event: 3.067 Thread 0x00000000021ce000 Exception <a 'java/security/PrivilegedActionException'> (0x00000000e0edb470) thrown at [C:\re\workspace\8-2-build-windows-amd64-cygwin\jdk8u121\8372\hotspot\src\share\vm\prims\jvm.cpp, line 1390]
Event: 3.068 Thread 0x00000000021ce000 Exception <a 'java/security/PrivilegedActionException'> (0x00000000e0edce50) thrown at [C:\re\workspace\8-2-build-windows-amd64-cygwin\jdk8u121\8372\hotspot\src\share\vm\prims\jvm.cpp, line 1390]
Event: 3.068 Thread 0x00000000021ce000 Exception <a 'java/security/PrivilegedActionException'> (0x00000000e0edd060) thrown at [C:\re\workspace\8-2-build-windows-amd64-cygwin\jdk8u121\8372\hotspot\src\share\vm\prims\jvm.cpp, line 1390]
Event: 3.091 Thread 0x00000000021ce000 Exception <a 'java/io/FileNotFoundException'> (0x00000000e0f4a6e8) thrown at [C:\re\workspace\8-2-build-windows-amd64-cygwin\jdk8u121\8372\hotspot\src\share\vm\prims\jni.cpp, line 709]
Event: 3.154 Thread 0x00000000021ce000 Exception <a 'java/lang/NoSuchFieldError': method resolution failed> (0x00000000e1017c30) thrown at [C:\re\workspace\8-2-build-windows-amd64-cygwin\jdk8u121\8372\hotspot\src\share\vm\prims\methodHandles.cpp, line 1146]
Event: 3.299 Thread 0x00000000021ce000 Exception <a 'java/lang/NoSuchFieldError': method resolution failed> (0x00000000e1025000) thrown at [C:\re\workspace\8-2-build-windows-amd64-cygwin\jdk8u121\8372\hotspot\src\share\vm\prims\methodHandles.cpp, line 1146]
Event: 3.380 Thread 0x00000000021ce000 Exception <a 'java/io/FileNotFoundException'> (0x00000000e10ba620) thrown at [C:\re\workspace\8-2-build-windows-amd64-cygwin\jdk8u121\8372\hotspot\src\share\vm\prims\jni.cpp, line 709]
Event: 14.926 Thread 0x00000000196ce000 Implicit null exception at 0x000000000262e840 to 0x000000000262e931

Events (10 events):
Event: 78.363 Executing nested VM operation: Deoptimize
Event: 78.364 Executing nested VM operation: Deoptimize done
Event: 78.364 Executing VM operation: EnterInterpOnlyMode done
Event: 78.364 Executing VM operation: GetCurrentLocation
Event: 78.364 Executing VM operation: GetCurrentLocation done
Event: 78.364 Executing VM operation: ChangeSingleStep
Event: 78.364 Executing VM operation: ChangeSingleStep done
Event: 78.364 Executing VM operation: ChangeSingleStep
Event: 78.364 Executing VM operation: ChangeSingleStep done
Event: 78.391 Executing VM operation: GetOrSetLocal


Dynamic libraries:
0x00007ff6ac820000 - 0x00007ff6ac857000 	C:\Program Files\Java\jre1.8.0_121\bin\javaw.exe
0x00007ffd32030000 - 0x00007ffd32201000 	C:\WINDOWS\SYSTEM32\ntdll.dll
0x00007ffd31ac0000 - 0x00007ffd31b6c000 	C:\WINDOWS\System32\KERNEL32.DLL
0x00007ffd2e910000 - 0x00007ffd2eb2d000 	C:\WINDOWS\System32\KERNELBASE.dll
0x00007ffd31f80000 - 0x00007ffd32022000 	C:\WINDOWS\System32\ADVAPI32.dll
0x00007ffd2f8a0000 - 0x00007ffd2f93e000 	C:\WINDOWS\System32\msvcrt.dll
0x00007ffd31950000 - 0x00007ffd319a9000 	C:\WINDOWS\System32\sechost.dll
0x00007ffd2f940000 - 0x00007ffd2fa61000 	C:\WINDOWS\System32\RPCRT4.dll
0x00007ffd2f5c0000 - 0x00007ffd2f725000 	C:\WINDOWS\System32\USER32.dll
0x00007ffd2e6f0000 - 0x00007ffd2e70e000 	C:\WINDOWS\System32\win32u.dll
0x00007ffd30090000 - 0x00007ffd300c4000 	C:\WINDOWS\System32\GDI32.dll
0x00007ffd2f210000 - 0x00007ffd2f392000 	C:\WINDOWS\System32\gdi32full.dll
0x00007ffd26ca0000 - 0x00007ffd26f1a000 	C:\WINDOWS\WinSxS\amd64_microsoft.windows.common-controls_6595b64144ccf1df_6.0.14393.953_none_42151e83c686086b\COMCTL32.dll
0x00007ffd31bf0000 - 0x00007ffd31eb8000 	C:\WINDOWS\System32\combase.dll
0x00007ffd2e710000 - 0x00007ffd2e805000 	C:\WINDOWS\System32\ucrtbase.dll
0x00007ffd2f3a0000 - 0x00007ffd2f40a000 	C:\WINDOWS\System32\bcryptPrimitives.dll
0x00007ffd31a70000 - 0x00007ffd31a9e000 	C:\WINDOWS\System32\IMM32.DLL
0x0000000050fa0000 - 0x0000000051072000 	C:\Program Files\Java\jre1.8.0_121\bin\msvcr100.dll
0x0000000077760000 - 0x0000000077ffb000 	C:\Program Files\Java\jre1.8.0_121\bin\server\jvm.dll
0x00007ffd300d0000 - 0x00007ffd300d8000 	C:\WINDOWS\System32\PSAPI.DLL
0x00007ffd2b9a0000 - 0x00007ffd2b9a9000 	C:\WINDOWS\SYSTEM32\WSOCK32.dll
0x00007ffd2ab10000 - 0x00007ffd2ab1a000 	C:\WINDOWS\SYSTEM32\VERSION.dll
0x00007ffd2bcd0000 - 0x00007ffd2bcf3000 	C:\WINDOWS\SYSTEM32\WINMM.dll
0x00007ffd31b80000 - 0x00007ffd31bea000 	C:\WINDOWS\System32\WS2_32.dll
0x0000000002140000 - 0x000000000216b000 	C:\WINDOWS\SYSTEM32\WINMMBASE.dll
0x00007ffd2f570000 - 0x00007ffd2f5b2000 	C:\WINDOWS\System32\cfgmgr32.dll
0x0000000051340000 - 0x000000005134f000 	C:\Program Files\Java\jre1.8.0_121\bin\verify.dll
0x00000000510f0000 - 0x0000000051119000 	C:\Program Files\Java\jre1.8.0_121\bin\java.dll
0x0000000050f60000 - 0x0000000050f95000 	C:\Program Files\Java\jre1.8.0_121\bin\jdwp.dll
0x0000000050f50000 - 0x0000000050f58000 	C:\Program Files\Java\jre1.8.0_121\bin\npt.dll
0x00000000510d0000 - 0x00000000510e6000 	C:\Program Files\Java\jre1.8.0_121\bin\zip.dll
0x00007ffd302a0000 - 0x00007ffd317a8000 	C:\WINDOWS\System32\SHELL32.dll
0x00007ffd2eb30000 - 0x00007ffd2f20a000 	C:\WINDOWS\System32\windows.storage.dll
0x00007ffd2e4a0000 - 0x00007ffd2e4ec000 	C:\WINDOWS\System32\powrprof.dll
0x00007ffd31f20000 - 0x00007ffd31f72000 	C:\WINDOWS\System32\shlwapi.dll
0x00007ffd2e510000 - 0x00007ffd2e51f000 	C:\WINDOWS\System32\kernel.appcore.dll
0x00007ffd2f410000 - 0x00007ffd2f4b9000 	C:\WINDOWS\System32\shcore.dll
0x00007ffd2e4f0000 - 0x00007ffd2e504000 	C:\WINDOWS\System32\profapi.dll
0x0000000050f40000 - 0x0000000050f49000 	C:\Program Files\Java\jre1.8.0_121\bin\dt_socket.dll
0x00007ffd179a0000 - 0x00007ffd179b6000 	C:\WINDOWS\system32\napinsp.dll
0x00007ffd17980000 - 0x00007ffd1799a000 	C:\WINDOWS\system32\pnrpnsp.dll
0x00007ffd2c300000 - 0x00007ffd2c318000 	C:\WINDOWS\system32\NLAapi.dll
0x00007ffd2ddc0000 - 0x00007ffd2de1c000 	C:\WINDOWS\System32\mswsock.dll
0x00007ffd2db90000 - 0x00007ffd2dc31000 	C:\WINDOWS\SYSTEM32\DNSAPI.dll
0x00007ffd31b70000 - 0x00007ffd31b78000 	C:\WINDOWS\System32\NSI.dll
0x00007ffd2db40000 - 0x00007ffd2db78000 	C:\WINDOWS\SYSTEM32\IPHLPAPI.DLL
0x00007ffd17970000 - 0x00007ffd1797e000 	C:\WINDOWS\System32\winrnr.dll
0x00007ffd25890000 - 0x00007ffd258fa000 	C:\WINDOWS\System32\fwpuclnt.dll
0x00007ffd2e070000 - 0x00007ffd2e09b000 	C:\WINDOWS\SYSTEM32\bcrypt.dll
0x00007ffd20470000 - 0x00007ffd2047a000 	C:\Windows\System32\rasadhlp.dll
0x0000000050580000 - 0x0000000050718000 	C:\Program Files\Java\jre1.8.0_121\bin\awt.dll
0x00007ffd319b0000 - 0x00007ffd31a6f000 	C:\WINDOWS\System32\OLEAUT32.dll
0x00007ffd2e810000 - 0x00007ffd2e8ac000 	C:\WINDOWS\System32\msvcp_win.dll
0x00007ffd2ca30000 - 0x00007ffd2caaa000 	C:\WINDOWS\SYSTEM32\apphelp.dll
0x00007ffd2bfc0000 - 0x00007ffd2bfe6000 	C:\WINDOWS\system32\DWMAPI.DLL
0x00007ffd2cbd0000 - 0x00007ffd2cc65000 	C:\WINDOWS\system32\uxtheme.dll
0x00007ffd19950000 - 0x00007ffd19a73000 	C:\WINDOWS\system32\opengl32.dll
0x00007ffd18c50000 - 0x00007ffd18d47000 	C:\WINDOWS\SYSTEM32\DDRAW.dll
0x00007ffd233d0000 - 0x00007ffd233fd000 	C:\WINDOWS\SYSTEM32\GLU32.dll
0x00007ffd2b620000 - 0x00007ffd2b628000 	C:\WINDOWS\SYSTEM32\DCIMAN32.dll
0x00007ffd30140000 - 0x00007ffd3029a000 	C:\WINDOWS\System32\MSCTF.dll
0x00007ffd2fa70000 - 0x00007ffd2fba8000 	C:\WINDOWS\System32\ole32.dll
0x0000000050ef0000 - 0x0000000050f37000 	C:\Program Files\Java\jre1.8.0_121\bin\fontmanager.dll
0x00007ffd2fff0000 - 0x00007ffd3008f000 	C:\WINDOWS\System32\clbcatq.dll
0x00007ffd2bdf0000 - 0x00007ffd2bf98000 	C:\WINDOWS\SYSTEM32\WindowsCodecs.dll
0x00007ffd1acd0000 - 0x00007ffd1ad19000 	C:\WINDOWS\system32\dataexchange.dll
0x00007ffd2b130000 - 0x00007ffd2b3e6000 	C:\WINDOWS\system32\d3d11.dll
0x00007ffd2c580000 - 0x00007ffd2c6d1000 	C:\WINDOWS\system32\dcomp.dll
0x00007ffd2d410000 - 0x00007ffd2d4af000 	C:\WINDOWS\system32\dxgi.dll
0x00007ffd2ce40000 - 0x00007ffd2cf5c000 	C:\WINDOWS\system32\twinapi.appcore.dll
0x00000000507c0000 - 0x00000000507da000 	C:\Program Files\Java\jre1.8.0_121\bin\net.dll
0x00000000507a0000 - 0x00000000507b1000 	C:\Program Files\Java\jre1.8.0_121\bin\nio.dll
0x0000000050ea0000 - 0x0000000050ee2000 	C:\Program Files\Java\jre1.8.0_121\bin\t2k.dll

VM Arguments:
jvm_args: -agentlib:jdwp=transport=dt_socket,suspend=y,address=localhost:59381 -Dfile.encoding=Cp1252 
java_command: principal.Acceso
java_class_path (initial): C:\Workspace Armado Digital\ArmadoDig 3.5 UMA\lib\net.jar;C:\Workspace Armado Digital\ArmadoDig 3.5 UMA\lib\rt.jar;C:\Workspace Armado Digital\ArmadoDig 3.5 UMA\bin;C:\Workspace Armado Digital\ArmadoDig 3.5 UMA\lib\commons-codec-1.5.jar;C:\Workspace Armado Digital\ArmadoDig 3.5 UMA\lib\commons-discovery-0.2.jar;C:\Workspace Armado Digital\ArmadoDig 3.5 UMA\lib\commons-email-1.0.jar;C:\Workspace Armado Digital\ArmadoDig 3.5 UMA\lib\commons-httpclient-3.1.jar;C:\Workspace Armado Digital\ArmadoDig 3.5 UMA\lib\derby.jar;C:\Workspace Armado Digital\ArmadoDig 3.5 UMA\lib\derbytools.jar;C:\Workspace Armado Digital\ArmadoDig 3.5 UMA\lib\fontbox-1.8.10.jar;C:\Workspace Armado Digital\ArmadoDig 3.5 UMA\lib\itextpdf-5.5.3.jar;C:\Workspace Armado Digital\ArmadoDig 3.5 UMA\lib\itext-pdfa-5.5.3.jar;C:\Workspace Armado Digital\ArmadoDig 3.5 UMA\lib\itext-xtra-5.5.3.jar;C:\Workspace Armado Digital\ArmadoDig 3.5 UMA\lib\j2ee.jar;C:\Workspace Armado Digital\ArmadoDig 3.5 UMA\lib\jars.jar;C:\Workspace Armado Digital\ArmadoDig 3.5 UMA\lib\log4j.jar;C:\Workspace Armado Digital\ArmadoDig 3.5 UMA\lib\mail.jar;C:\Workspace Armado Digital\ArmadoDig 3.5 UMA\lib\org.apache.commons.logging_1.0.4.v20080605-1930.jar;C:\Workspace Armado Digital\ArmadoDig 3.5 UMA\lib\pdfbox-1.8.10.jar;C:\Workspace Armado Digital\ArmadoDig 3.5 UMA\lib\servlet-api.jar;C:\Workspace Armado Digital\ArmadoDig 3.5 UMA\lib\zip4j_1.3.2.jar;C:\Workspace Armado Digital\ArmadoDig 3.5 UMA\jgoodies-forms-1.8.0.jar
Launcher Type: SUN_STANDARD

Environment Variables:
CLASSPATH=C:\Apache\DB-DER~1.1-B\lib\derby.jar;C:\Apache\DB-DER~1.1-B\lib\derbytools.jar;C:\Apache\DB-DER~1.1-B/lib/derbyoptionaltools.jar;C:\Apache\db-derby-10.12.1.1-bin\lib\derby.jar;C:\Apache\db-derby-10.12.1.1-bin\lib\dertools.jar
PATH=C:/Program Files/Java/jre1.8.0_121/bin/server;C:/Program Files/Java/jre1.8.0_121/bin;C:/Program Files/Java/jre1.8.0_121/lib/amd64;C:\ProgramData\Oracle\Java\javapath;C:\WINDOWS\system32;C:\WINDOWS;C:\WINDOWS\System32\Wbem;C:\Program Files\Java\jre7;C:\Program Files (x86)\GNU\GnuPG\pub;C:\WINDOWS\System32\WindowsPowerShell\v1.0\;C:\Program Files\Java\jre7\lib;C:\Program Files (x86)\Windows Live\Shared;C:\Program Files\nodejs\;C:\Program Files\PuTTY\;C:\Users\Jorge\AppData\Local\Microsoft\WindowsApps;C:\Users\Jorge\AppData\Roaming\npm;C:\WINDOWS\System32;
USERNAME=Jorge
OS=Windows_NT
PROCESSOR_IDENTIFIER=Intel64 Family 6 Model 94 Stepping 3, GenuineIntel



---------------  S Y S T E M  ---------------

OS: Windows 10.0 , 64 bit Build 14393 (10.0.14393.1198)

CPU:total 8 (4 cores per cpu, 2 threads per core) family 6 model 94 stepping 3, cmov, cx8, fxsr, mmx, sse, sse2, sse3, ssse3, sse4.1, sse4.2, popcnt, avx, avx2, aes, clmul, erms, rtm, 3dnowpref, lzcnt, ht, tsc, tscinvbit, bmi1, bmi2, adx

Memory: 4k page, physical 6128600k(1598504k free), swap 8618968k(2323072k free)

vm_info: Java HotSpot(TM) 64-Bit Server VM (25.121-b13) for windows-amd64 JRE (1.8.0_121-b13), built on Dec 12 2016 18:21:36 by "java_re" with MS VC++ 10.0 (VS2010)

time: Wed Jun 07 13:10:48 2017
elapsed time: 78 seconds (0d 0h 1m 18s)

